<?xml version="1.0" encoding="UTF-8"?>
<!-- Generated by org.testng.reporters.JUnitReportReporter -->
<testsuite skipped="0" hostname="DESKTOP-N308L1J" name="test.LoginTest" tests="1" failures="0" timestamp="10 May 2020 18:58:17 GMT" time="12.746" errors="0">
  <testcase name="validUserShouldBeAbletoLoginin" time="12.746" classname="test.LoginTest"/>
</testsuite> <!-- test.LoginTest -->
