<?xml version="1.0" encoding="UTF-8"?>
<!-- Generated by org.testng.reporters.JUnitReportReporter -->
<testsuite skipped="0" hostname="LAPTOP-OCQSVSUR" name="test.LoginTest" tests="2" failures="0" timestamp="16 May 2020 03:45:36 GMT" time="4.230" errors="0">
  <testcase name="validUserShouldBeAbletoLoginin" time="2.058" classname="test.LoginTest"/>
  <testcase name="addAccount" time="2.172" classname="test.LoginTest"/>
</testsuite> <!-- test.LoginTest -->
