<?xml version="1.0" encoding="UTF-8"?>
<!-- Generated by org.testng.reporters.JUnitReportReporter -->
<testsuite skipped="0" hostname="DESKTOP-NMH8UGV" name="test.LoginTest" tests="2" failures="0" timestamp="2020-05-15T22:29:28 CDT" time="6.486" errors="0">
  <testcase name="validUserShouldBeAbletoLoginin" time="3.376" classname="test.LoginTest"/>
  <system-out/>
  <testcase name="addNewAccountTest" time="3.110" classname="test.LoginTest"/>
  <system-out/>
</testsuite> <!-- test.LoginTest -->
